Using pre-set license
Built from '2020.3/release' branch; Version is '2020.3.27f1 (e759542391ea) revision 15161684'; Using compiler version '192528614'; Build Type 'Release'
OS: 'Windows 11  (10.0.22000) 64bit Core' Language: 'en' Physical Memory: 16312 MB
BatchMode: 1, IsHumanControllingUs: 0, StartBugReporterOnCrash: 0, Is64bit: 1, IsPro: 0

COMMAND LINE ARGUMENTS:
C:\Program Files\Unity\Hub\Editor\2020.3.27f1\Editor\Unity.exe
-adb2
-batchMode
-noUpm
-name
AssetImportWorker0
-projectPath
C:/Users/seana/Game Repos/CyberJump/CyberJump
-logFile
Logs/AssetImportWorker0.log
-srvPort
54969
Successfully changed project path to: C:/Users/seana/Game Repos/CyberJump/CyberJump
C:/Users/seana/Game Repos/CyberJump/CyberJump
Using Asset Import Pipeline V2.
Refreshing native plugins compatible for Editor in 46.67 ms, found 3 plugins.
Preloading 0 native plugins for Editor in 0.00 ms.
Initialize engine version: 2020.3.27f1 (e759542391ea)
[Subsystems] Discovering subsystems at path C:/Program Files/Unity/Hub/Editor/2020.3.27f1/Editor/Data/Resources/UnitySubsystems
[Subsystems] Discovering subsystems at path C:/Users/seana/Game Repos/CyberJump/CyberJump/Assets
GfxDevice: creating device client; threaded=0
Direct3D:
    Version:  Direct3D 11.0 [level 11.1]
    Renderer: Radeon (TM) RX 480 Graphics (ID=0x67df)
    Vendor:   
    VRAM:     8171 MB
    Driver:   30.0.13023.1012
Initialize mono
Mono path[0] = 'C:/Program Files/Unity/Hub/Editor/2020.3.27f1/Editor/Data/Managed'
Mono path[1] = 'C:/Program Files/Unity/Hub/Editor/2020.3.27f1/Editor/Data/MonoBleedingEdge/lib/mono/unityjit'
Mono config path = 'C:/Program Files/Unity/Hub/Editor/2020.3.27f1/Editor/Data/MonoBleedingEdge/etc'
Using monoOptions --debugger-agent=transport=dt_socket,embedding=1,server=y,suspend=n,address=127.0.0.1:56344
Begin MonoManager ReloadAssembly
Registering precompiled unity dll's ...
Register platform support module: C:/Program Files/Unity/Hub/Editor/2020.3.27f1/Editor/Data/PlaybackEngines/WebGLSupport/UnityEditor.WebGL.Extensions.dll
Register platform support module: C:/Program Files/Unity/Hub/Editor/2020.3.27f1/Editor/Data/PlaybackEngines/WindowsStandaloneSupport/UnityEditor.WindowsStandalone.Extensions.dll
Registered in 0.001344 seconds.
Native extension for WindowsStandalone target not found
Native extension for WebGL target not found
Refreshing native plugins compatible for Editor in 46.45 ms, found 3 plugins.
Preloading 0 native plugins for Editor in 0.00 ms.
Mono: successfully reloaded assembly
- Completed reload, in  0.511 seconds
Domain Reload Profiling:
	ReloadAssembly (511ms)
		BeginReloadAssembly (50ms)
			ExecutionOrderSort (0ms)
			DisableScriptedObjects (0ms)
			BackupInstance (0ms)
			ReleaseScriptingObjects (0ms)
			CreateAndSetChildDomain (1ms)
		EndReloadAssembly (401ms)
			LoadAssemblies (49ms)
			RebuildTransferFunctionScriptingTraits (0ms)
			SetupTypeCache (128ms)
			ReleaseScriptCaches (0ms)
			RebuildScriptCaches (26ms)
			SetupLoadedEditorAssemblies (158ms)
				LogAssemblyErrors (0ms)
				InitializePlatformSupportModulesInManaged (4ms)
				SetLoadedEditorAssemblies (0ms)
				RefreshPlugins (47ms)
				BeforeProcessingInitializeOnLoad (14ms)
				ProcessInitializeOnLoadAttributes (69ms)
				ProcessInitializeOnLoadMethodAttributes (23ms)
				AfterProcessingInitializeOnLoad (0ms)
				EditorAssembliesLoaded (0ms)
			ExecutionOrderSort2 (0ms)
			AwakeInstancesAfterBackupRestoration (0ms)
Platform modules already initialized, skipping
Registering precompiled user dll's ...
Registered in 0.003488 seconds.
Begin MonoManager ReloadAssembly
Native extension for WindowsStandalone target not found
Native extension for WebGL target not found
Refreshing native plugins compatible for Editor in 44.44 ms, found 3 plugins.
Preloading 0 native plugins for Editor in 0.00 ms.
Mono: successfully reloaded assembly
- Completed reload, in  0.956 seconds
Domain Reload Profiling:
	ReloadAssembly (957ms)
		BeginReloadAssembly (125ms)
			ExecutionOrderSort (0ms)
			DisableScriptedObjects (4ms)
			BackupInstance (0ms)
			ReleaseScriptingObjects (0ms)
			CreateAndSetChildDomain (17ms)
		EndReloadAssembly (782ms)
			LoadAssemblies (79ms)
			RebuildTransferFunctionScriptingTraits (0ms)
			SetupTypeCache (256ms)
			ReleaseScriptCaches (0ms)
			RebuildScriptCaches (40ms)
			SetupLoadedEditorAssemblies (301ms)
				LogAssemblyErrors (0ms)
				InitializePlatformSupportModulesInManaged (4ms)
				SetLoadedEditorAssemblies (0ms)
				RefreshPlugins (45ms)
				BeforeProcessingInitializeOnLoad (67ms)
				ProcessInitializeOnLoadAttributes (168ms)
				ProcessInitializeOnLoadMethodAttributes (13ms)
				AfterProcessingInitializeOnLoad (4ms)
				EditorAssembliesLoaded (0ms)
			ExecutionOrderSort2 (0ms)
			AwakeInstancesAfterBackupRestoration (7ms)
Platform modules already initialized, skipping
========================================================================
Worker process is ready to serve import requests
Launched and connected shader compiler UnityShaderCompiler.exe after 0.06 seconds
Refreshing native plugins compatible for Editor in 0.48 ms, found 3 plugins.
Preloading 0 native plugins for Editor in 0.00 ms.
Unloading 2199 Unused Serialized files (Serialized files now loaded: 0)
System memory in use before: 96.1 MB.
System memory in use after: 96.0 MB.

Unloading 34 unused Assets to reduce memory usage. Loaded Objects now: 2626.
Total: 2.665700 ms (FindLiveObjects: 0.154800 ms CreateObjectMapping: 0.075500 ms MarkObjects: 2.323200 ms  DeleteObjects: 0.111500 ms)

AssetImportParameters requested are different than current active one (requested -> active):
  custom:framework-win-MediaFoundation: 216162199b28c13a410421893ffa2e32 -> 
  custom:video-decoder-ogg-theora: a1e56fd34408186e4bbccfd4996cb3dc -> 
  custom:container-muxer-webm: aa71ff27fc2769a1b78a27578f13a17b -> 
  custom:container-demuxer-webm: 4f35f7cbe854078d1ac9338744f61a02 -> 
  custom:container-demuxer-ogg: 62fdf1f143b41e24485cea50d1cbac27 -> 
  custom:video-encoder-webm-vp8: eb34c28f22e8b96e1ab97ce403110664 -> 
  custom:video-decoder-webm-vp8: 9c59270c3fd7afecdb556c50c9e8de78 -> 
  custom:audio-decoder-ogg-vorbis: bf7c407c2cedff20999df2af8eb42d56 -> 
  custom:audio-encoder-webm-vorbis: bf7c407c2cedff20999df2af8eb42d56 -> 
========================================================================
Received Import Request.
  path: Assets/JumpGame/Cyberpunk Assets/warped city files/ENVIRONMENT/background/skyline-b.png
  artifactKey: Guid(1e1ab64e7a523ff46b43cf2f0288b31e) Importer(815301076,1909f56bfc062723c751e8b465ee728b)
Start importing Assets/JumpGame/Cyberpunk Assets/warped city files/ENVIRONMENT/background/skyline-b.png using Guid(1e1ab64e7a523ff46b43cf2f0288b31e) Importer(815301076,1909f56bfc062723c751e8b465ee728b)  -> (artifact id: '73172eacd3009ab02380137a7bc6d4e0') in 0.114236 seconds 
  Import took 0.117321 seconds .

========================================================================
Received Prepare
Refreshing native plugins compatible for Editor in 2.86 ms, found 3 plugins.
Preloading 0 native plugins for Editor in 0.00 ms.
Unloading 21 Unused Serialized files (Serialized files now loaded: 0)
System memory in use before: 56.1 MB.
System memory in use after: 56.0 MB.

Unloading 21 unused Assets to reduce memory usage. Loaded Objects now: 2632.
Total: 3.044800 ms (FindLiveObjects: 0.158400 ms CreateObjectMapping: 0.069400 ms MarkObjects: 2.726100 ms  DeleteObjects: 0.090100 ms)

AssetImportParameters requested are different than current active one (requested -> active):
  custom:framework-win-MediaFoundation: 216162199b28c13a410421893ffa2e32 -> 
  custom:video-decoder-ogg-theora: a1e56fd34408186e4bbccfd4996cb3dc -> 
  custom:container-muxer-webm: aa71ff27fc2769a1b78a27578f13a17b -> 
  custom:container-demuxer-webm: 4f35f7cbe854078d1ac9338744f61a02 -> 
  custom:container-demuxer-ogg: 62fdf1f143b41e24485cea50d1cbac27 -> 
  custom:video-encoder-webm-vp8: eb34c28f22e8b96e1ab97ce403110664 -> 
  custom:video-decoder-webm-vp8: 9c59270c3fd7afecdb556c50c9e8de78 -> 
  custom:audio-decoder-ogg-vorbis: bf7c407c2cedff20999df2af8eb42d56 -> 
  custom:audio-encoder-webm-vorbis: bf7c407c2cedff20999df2af8eb42d56 -> 
========================================================================
Received Import Request.
  Time since last request: 8.291198 seconds.
  path: Assets/JumpGame/Cyberpunk Assets/warped city files/ENVIRONMENT/background/skyline-b.png
  artifactKey: Guid(1e1ab64e7a523ff46b43cf2f0288b31e) Importer(815301076,1909f56bfc062723c751e8b465ee728b)
Start importing Assets/JumpGame/Cyberpunk Assets/warped city files/ENVIRONMENT/background/skyline-b.png using Guid(1e1ab64e7a523ff46b43cf2f0288b31e) Importer(815301076,1909f56bfc062723c751e8b465ee728b)  -> (artifact id: '284cc272a78fd740e01e898c1c47a71d') in 0.012525 seconds 
  Import took 0.015455 seconds .

========================================================================
Received Import Request.
  Time since last request: 8.095539 seconds.
  path: Assets/JumpGame/Cyberpunk Assets/warped city files/ENVIRONMENT/background/skyline-b.png
  artifactKey: Guid(1e1ab64e7a523ff46b43cf2f0288b31e) Importer(815301076,1909f56bfc062723c751e8b465ee728b)
Start importing Assets/JumpGame/Cyberpunk Assets/warped city files/ENVIRONMENT/background/skyline-b.png using Guid(1e1ab64e7a523ff46b43cf2f0288b31e) Importer(815301076,1909f56bfc062723c751e8b465ee728b)  -> (artifact id: '4a3a94189d2f32d2cc6722442ace4e9d') in 0.012799 seconds 
  Import took 0.015917 seconds .

========================================================================
Received Import Request.
  Time since last request: 3.425790 seconds.
  path: Assets/JumpGame/Cyberpunk Assets/warped city files/ENVIRONMENT/background/skyline-b.png
  artifactKey: Guid(1e1ab64e7a523ff46b43cf2f0288b31e) Importer(815301076,1909f56bfc062723c751e8b465ee728b)
Start importing Assets/JumpGame/Cyberpunk Assets/warped city files/ENVIRONMENT/background/skyline-b.png using Guid(1e1ab64e7a523ff46b43cf2f0288b31e) Importer(815301076,1909f56bfc062723c751e8b465ee728b)  -> (artifact id: '7a1ca8109abf03aa53d89b88c333a9a7') in 0.011848 seconds 
  Import took 0.015185 seconds .

========================================================================
Received Import Request.
  Time since last request: 7.840479 seconds.
  path: Assets/JumpGame/Cyberpunk Assets/warped city files/ENVIRONMENT/background/skyline-b.png
  artifactKey: Guid(1e1ab64e7a523ff46b43cf2f0288b31e) Importer(815301076,1909f56bfc062723c751e8b465ee728b)
Start importing Assets/JumpGame/Cyberpunk Assets/warped city files/ENVIRONMENT/background/skyline-b.png using Guid(1e1ab64e7a523ff46b43cf2f0288b31e) Importer(815301076,1909f56bfc062723c751e8b465ee728b)  -> (artifact id: '36f0b3f2c451c57a66da806becfa065c') in 0.013197 seconds 
  Import took 0.016261 seconds .

========================================================================
Received Import Request.
  Time since last request: 24.711112 seconds.
  path: Assets/JumpGame/Cyberpunk Assets/warped city files/ENVIRONMENT/background/skyline-a.png
  artifactKey: Guid(62bd6dc53460c8e46a020dbd1872e917) Importer(815301076,1909f56bfc062723c751e8b465ee728b)
Start importing Assets/JumpGame/Cyberpunk Assets/warped city files/ENVIRONMENT/background/skyline-a.png using Guid(62bd6dc53460c8e46a020dbd1872e917) Importer(815301076,1909f56bfc062723c751e8b465ee728b)  -> (artifact id: 'e6aef97e5542314707f252396b5b28ac') in 0.013687 seconds 
  Import took 0.018846 seconds .

========================================================================
Received Import Request.
  Time since last request: 3.017264 seconds.
  path: Assets/JumpGame/Cyberpunk Assets/warped city files/ENVIRONMENT/background/near-buildings-bg.png
  artifactKey: Guid(4d3e16ab6eefa5c49a46041064e0654b) Importer(815301076,1909f56bfc062723c751e8b465ee728b)
Start importing Assets/JumpGame/Cyberpunk Assets/warped city files/ENVIRONMENT/background/near-buildings-bg.png using Guid(4d3e16ab6eefa5c49a46041064e0654b) Importer(815301076,1909f56bfc062723c751e8b465ee728b)  -> (artifact id: '3e90b84fd28441f15197336435f81b3e') in 0.017119 seconds 
  Import took 0.021741 seconds .

========================================================================
Received Import Request.
  Time since last request: 8.751709 seconds.
  path: Assets/JumpGame/Cyberpunk Assets/warped city files/ENVIRONMENT/background/buildings-bg.png
  artifactKey: Guid(67d5a109f868fe44c9b3a6dc0cb0837d) Importer(815301076,1909f56bfc062723c751e8b465ee728b)
Start importing Assets/JumpGame/Cyberpunk Assets/warped city files/ENVIRONMENT/background/buildings-bg.png using Guid(67d5a109f868fe44c9b3a6dc0cb0837d) Importer(815301076,1909f56bfc062723c751e8b465ee728b)  -> (artifact id: 'eaf0d884ae144d092b1f26e82b59ad4f') in 0.020998 seconds 
  Import took 0.024748 seconds .

========================================================================
Received Import Request.
  Time since last request: 17.288712 seconds.
  path: Assets/JumpGame/Cyberpunk Assets/warped city files/ENVIRONMENT/background/buildings-bg.png
  artifactKey: Guid(67d5a109f868fe44c9b3a6dc0cb0837d) Importer(815301076,1909f56bfc062723c751e8b465ee728b)
Start importing Assets/JumpGame/Cyberpunk Assets/warped city files/ENVIRONMENT/background/buildings-bg.png using Guid(67d5a109f868fe44c9b3a6dc0cb0837d) Importer(815301076,1909f56bfc062723c751e8b465ee728b)  -> (artifact id: '7cef515335c8ff6bfadad656ab0131eb') in 0.014137 seconds 
  Import took 0.017310 seconds .

========================================================================
Received Import Request.
  Time since last request: 112.996712 seconds.
  path: Assets/JumpGame/Cyberpunk Assets/cyberpunk city 2 files/Environmet/background/back.png
  artifactKey: Guid(92b6b1a360af8e34eb3c63aa233d5192) Importer(815301076,1909f56bfc062723c751e8b465ee728b)
Start importing Assets/JumpGame/Cyberpunk Assets/cyberpunk city 2 files/Environmet/background/back.png using Guid(92b6b1a360af8e34eb3c63aa233d5192) Importer(815301076,1909f56bfc062723c751e8b465ee728b)  -> (artifact id: '50739ee11562a04406ba39ab886d9af2') in 0.015208 seconds 
  Import took 0.019310 seconds .

========================================================================
Received Import Request.
  Time since last request: 2.837575 seconds.
  path: Assets/JumpGame/Cyberpunk Assets/cyberpunk city 2 files/Environmet/background/cyberpunk-city-2-back-preview.png
  artifactKey: Guid(4bedcc6a3f5faf4418438efc0ad4f5e8) Importer(815301076,1909f56bfc062723c751e8b465ee728b)
Start importing Assets/JumpGame/Cyberpunk Assets/cyberpunk city 2 files/Environmet/background/cyberpunk-city-2-back-preview.png using Guid(4bedcc6a3f5faf4418438efc0ad4f5e8) Importer(815301076,1909f56bfc062723c751e8b465ee728b)  -> (artifact id: 'ceb229e8a1dd40cde20c96fa9839de51') in 0.014411 seconds 
  Import took 0.017878 seconds .

========================================================================
Received Import Request.
  Time since last request: 17.789946 seconds.
  path: Assets/JumpGame/Cyberpunk Assets/cyberpunk city 2 files/Environmet/background/front.png
  artifactKey: Guid(08a3a6510c208dd4fbca90dc7fc36a7f) Importer(815301076,1909f56bfc062723c751e8b465ee728b)
Start importing Assets/JumpGame/Cyberpunk Assets/cyberpunk city 2 files/Environmet/background/front.png using Guid(08a3a6510c208dd4fbca90dc7fc36a7f) Importer(815301076,1909f56bfc062723c751e8b465ee728b)  -> (artifact id: 'f6e01671cddba8a6b78c25562a5f31a3') in 0.016098 seconds 
  Import took 0.019509 seconds .

========================================================================
Received Import Request.
  Time since last request: 1.323105 seconds.
  path: Assets/JumpGame/Cyberpunk Assets/cyberpunk city 2 files/Environmet/background/middle.png
  artifactKey: Guid(82ece2d9e8ad09549a2e7d9d67b950fb) Importer(815301076,1909f56bfc062723c751e8b465ee728b)
Start importing Assets/JumpGame/Cyberpunk Assets/cyberpunk city 2 files/Environmet/background/middle.png using Guid(82ece2d9e8ad09549a2e7d9d67b950fb) Importer(815301076,1909f56bfc062723c751e8b465ee728b)  -> (artifact id: '64444cd94f033b1b0e18923d5f949af4') in 0.017314 seconds 
  Import took 0.021340 seconds .

========================================================================
Received Prepare
Registering precompiled user dll's ...
Registered in 0.003162 seconds.
Begin MonoManager ReloadAssembly
Native extension for WindowsStandalone target not found
Native extension for WebGL target not found
Refreshing native plugins compatible for Editor in 0.53 ms, found 3 plugins.
Preloading 0 native plugins for Editor in 0.00 ms.
Mono: successfully reloaded assembly
- Completed reload, in  0.889 seconds
Domain Reload Profiling:
	ReloadAssembly (890ms)
		BeginReloadAssembly (108ms)
			ExecutionOrderSort (0ms)
			DisableScriptedObjects (5ms)
			BackupInstance (0ms)
			ReleaseScriptingObjects (0ms)
			CreateAndSetChildDomain (36ms)
		EndReloadAssembly (731ms)
			LoadAssemblies (86ms)
			RebuildTransferFunctionScriptingTraits (0ms)
			SetupTypeCache (267ms)
			ReleaseScriptCaches (1ms)
			RebuildScriptCaches (37ms)
			SetupLoadedEditorAssemblies (258ms)
				LogAssemblyErrors (0ms)
				InitializePlatformSupportModulesInManaged (5ms)
				SetLoadedEditorAssemblies (0ms)
				RefreshPlugins (1ms)
				BeforeProcessingInitializeOnLoad (71ms)
				ProcessInitializeOnLoadAttributes (169ms)
				ProcessInitializeOnLoadMethodAttributes (9ms)
				AfterProcessingInitializeOnLoad (3ms)
				EditorAssembliesLoaded (0ms)
			ExecutionOrderSort2 (0ms)
			AwakeInstancesAfterBackupRestoration (8ms)
Platform modules already initialized, skipping
Refreshing native plugins compatible for Editor in 0.49 ms, found 3 plugins.
Preloading 0 native plugins for Editor in 0.00 ms.
Unloading 2194 Unused Serialized files (Serialized files now loaded: 0)
System memory in use before: 99.0 MB.
System memory in use after: 98.9 MB.

Unloading 23 unused Assets to reduce memory usage. Loaded Objects now: 2644.
Total: 2.594400 ms (FindLiveObjects: 0.155800 ms CreateObjectMapping: 0.076000 ms MarkObjects: 2.263400 ms  DeleteObjects: 0.098400 ms)

AssetImportParameters requested are different than current active one (requested -> active):
  custom:framework-win-MediaFoundation: 216162199b28c13a410421893ffa2e32 -> 
  custom:video-decoder-ogg-theora: a1e56fd34408186e4bbccfd4996cb3dc -> 
  custom:container-muxer-webm: aa71ff27fc2769a1b78a27578f13a17b -> 
  custom:container-demuxer-webm: 4f35f7cbe854078d1ac9338744f61a02 -> 
  custom:container-demuxer-ogg: 62fdf1f143b41e24485cea50d1cbac27 -> 
  custom:video-encoder-webm-vp8: eb34c28f22e8b96e1ab97ce403110664 -> 
  custom:video-decoder-webm-vp8: 9c59270c3fd7afecdb556c50c9e8de78 -> 
  custom:audio-decoder-ogg-vorbis: bf7c407c2cedff20999df2af8eb42d56 -> 
  custom:audio-encoder-webm-vorbis: bf7c407c2cedff20999df2af8eb42d56 -> 
========================================================================
Received Import Request.
  Time since last request: 33.823354 seconds.
  path: Assets/JumpGame/Cyberpunk Assets/cyberpunk city 2 files/Environmet/background/middle.png
  artifactKey: Guid(82ece2d9e8ad09549a2e7d9d67b950fb) Importer(815301076,1909f56bfc062723c751e8b465ee728b)
Start importing Assets/JumpGame/Cyberpunk Assets/cyberpunk city 2 files/Environmet/background/middle.png using Guid(82ece2d9e8ad09549a2e7d9d67b950fb) Importer(815301076,1909f56bfc062723c751e8b465ee728b)  -> (artifact id: 'a7915beb86dd46c41de7726d9fbdb862') in 0.050462 seconds 
  Import took 0.053901 seconds .

========================================================================
Received Import Request.
  Time since last request: 62.022693 seconds.
  path: Assets/JumpGame/Cyberpunk Assets/cyberpunk city 2 files/Environmet/background/middle.png
  artifactKey: Guid(82ece2d9e8ad09549a2e7d9d67b950fb) Importer(815301076,1909f56bfc062723c751e8b465ee728b)
Start importing Assets/JumpGame/Cyberpunk Assets/cyberpunk city 2 files/Environmet/background/middle.png using Guid(82ece2d9e8ad09549a2e7d9d67b950fb) Importer(815301076,1909f56bfc062723c751e8b465ee728b)  -> (artifact id: '81ef5dfb046e06cdcc4bb85e50ae5741') in 0.016202 seconds 
  Import took 0.020056 seconds .

========================================================================
Received Import Request.
  Time since last request: 28.430490 seconds.
  path: Assets/JumpGame/Cyberpunk Assets/cyberpunk city 2 files/Environmet/background/front.png
  artifactKey: Guid(08a3a6510c208dd4fbca90dc7fc36a7f) Importer(815301076,1909f56bfc062723c751e8b465ee728b)
Start importing Assets/JumpGame/Cyberpunk Assets/cyberpunk city 2 files/Environmet/background/front.png using Guid(08a3a6510c208dd4fbca90dc7fc36a7f) Importer(815301076,1909f56bfc062723c751e8b465ee728b)  -> (artifact id: 'e7d76d65004921b81f0b67a180c2d37f') in 0.015408 seconds 
  Import took 0.018438 seconds .

========================================================================
Received Prepare
Registering precompiled user dll's ...
Registered in 0.003261 seconds.
Begin MonoManager ReloadAssembly
Native extension for WindowsStandalone target not found
Native extension for WebGL target not found
Refreshing native plugins compatible for Editor in 0.55 ms, found 3 plugins.
Preloading 0 native plugins for Editor in 0.00 ms.
Mono: successfully reloaded assembly
- Completed reload, in  0.885 seconds
Domain Reload Profiling:
	ReloadAssembly (885ms)
		BeginReloadAssembly (107ms)
			ExecutionOrderSort (0ms)
			DisableScriptedObjects (5ms)
			BackupInstance (0ms)
			ReleaseScriptingObjects (0ms)
			CreateAndSetChildDomain (38ms)
		EndReloadAssembly (726ms)
			LoadAssemblies (78ms)
			RebuildTransferFunctionScriptingTraits (0ms)
			SetupTypeCache (264ms)
			ReleaseScriptCaches (1ms)
			RebuildScriptCaches (38ms)
			SetupLoadedEditorAssemblies (258ms)
				LogAssemblyErrors (0ms)
				InitializePlatformSupportModulesInManaged (5ms)
				SetLoadedEditorAssemblies (0ms)
				RefreshPlugins (1ms)
				BeforeProcessingInitializeOnLoad (69ms)
				ProcessInitializeOnLoadAttributes (171ms)
				ProcessInitializeOnLoadMethodAttributes (9ms)
				AfterProcessingInitializeOnLoad (4ms)
				EditorAssembliesLoaded (0ms)
			ExecutionOrderSort2 (0ms)
			AwakeInstancesAfterBackupRestoration (8ms)
Platform modules already initialized, skipping
Refreshing native plugins compatible for Editor in 0.52 ms, found 3 plugins.
Preloading 0 native plugins for Editor in 0.00 ms.
Unloading 2194 Unused Serialized files (Serialized files now loaded: 0)
System memory in use before: 99.0 MB.
System memory in use after: 99.0 MB.

Unloading 23 unused Assets to reduce memory usage. Loaded Objects now: 2647.
Total: 2.631500 ms (FindLiveObjects: 0.148100 ms CreateObjectMapping: 0.066200 ms MarkObjects: 2.318900 ms  DeleteObjects: 0.097400 ms)

AssetImportParameters requested are different than current active one (requested -> active):
  custom:framework-win-MediaFoundation: 216162199b28c13a410421893ffa2e32 -> 
  custom:video-decoder-ogg-theora: a1e56fd34408186e4bbccfd4996cb3dc -> 
  custom:container-muxer-webm: aa71ff27fc2769a1b78a27578f13a17b -> 
  custom:container-demuxer-webm: 4f35f7cbe854078d1ac9338744f61a02 -> 
  custom:container-demuxer-ogg: 62fdf1f143b41e24485cea50d1cbac27 -> 
  custom:video-encoder-webm-vp8: eb34c28f22e8b96e1ab97ce403110664 -> 
  custom:video-decoder-webm-vp8: 9c59270c3fd7afecdb556c50c9e8de78 -> 
  custom:audio-decoder-ogg-vorbis: bf7c407c2cedff20999df2af8eb42d56 -> 
  custom:audio-encoder-webm-vorbis: bf7c407c2cedff20999df2af8eb42d56 -> 
========================================================================
Received Prepare
Registering precompiled user dll's ...
Registered in 0.003261 seconds.
Begin MonoManager ReloadAssembly
Native extension for WindowsStandalone target not found
Native extension for WebGL target not found
Refreshing native plugins compatible for Editor in 0.77 ms, found 3 plugins.
Preloading 0 native plugins for Editor in 0.00 ms.
Mono: successfully reloaded assembly
- Completed reload, in  0.880 seconds
Domain Reload Profiling:
	ReloadAssembly (880ms)
		BeginReloadAssembly (105ms)
			ExecutionOrderSort (0ms)
			DisableScriptedObjects (6ms)
			BackupInstance (0ms)
			ReleaseScriptingObjects (0ms)
			CreateAndSetChildDomain (34ms)
		EndReloadAssembly (722ms)
			LoadAssemblies (83ms)
			RebuildTransferFunctionScriptingTraits (0ms)
			SetupTypeCache (259ms)
			ReleaseScriptCaches (1ms)
			RebuildScriptCaches (38ms)
			SetupLoadedEditorAssemblies (260ms)
				LogAssemblyErrors (0ms)
				InitializePlatformSupportModulesInManaged (5ms)
				SetLoadedEditorAssemblies (1ms)
				RefreshPlugins (1ms)
				BeforeProcessingInitializeOnLoad (72ms)
				ProcessInitializeOnLoadAttributes (170ms)
				ProcessInitializeOnLoadMethodAttributes (9ms)
				AfterProcessingInitializeOnLoad (4ms)
				EditorAssembliesLoaded (0ms)
			ExecutionOrderSort2 (0ms)
			AwakeInstancesAfterBackupRestoration (8ms)
Platform modules already initialized, skipping
Refreshing native plugins compatible for Editor in 0.72 ms, found 3 plugins.
Preloading 0 native plugins for Editor in 0.00 ms.
Unloading 2194 Unused Serialized files (Serialized files now loaded: 0)
System memory in use before: 99.0 MB.
System memory in use after: 99.0 MB.

Unloading 23 unused Assets to reduce memory usage. Loaded Objects now: 2649.
Total: 2.846100 ms (FindLiveObjects: 0.154200 ms CreateObjectMapping: 0.072600 ms MarkObjects: 2.520700 ms  DeleteObjects: 0.097300 ms)

AssetImportParameters requested are different than current active one (requested -> active):
  custom:framework-win-MediaFoundation: 216162199b28c13a410421893ffa2e32 -> 
  custom:video-decoder-ogg-theora: a1e56fd34408186e4bbccfd4996cb3dc -> 
  custom:container-muxer-webm: aa71ff27fc2769a1b78a27578f13a17b -> 
  custom:container-demuxer-webm: 4f35f7cbe854078d1ac9338744f61a02 -> 
  custom:container-demuxer-ogg: 62fdf1f143b41e24485cea50d1cbac27 -> 
  custom:video-encoder-webm-vp8: eb34c28f22e8b96e1ab97ce403110664 -> 
  custom:video-decoder-webm-vp8: 9c59270c3fd7afecdb556c50c9e8de78 -> 
  custom:audio-decoder-ogg-vorbis: bf7c407c2cedff20999df2af8eb42d56 -> 
  custom:audio-encoder-webm-vorbis: bf7c407c2cedff20999df2af8eb42d56 -> 
========================================================================
Received Import Request.
  Time since last request: 425.946396 seconds.
  path: Assets/JumpGame/Cyberpunk Assets/warped city files/ENVIRONMENT/background/near-buildings-bg.png
  artifactKey: Guid(4d3e16ab6eefa5c49a46041064e0654b) Importer(815301076,1909f56bfc062723c751e8b465ee728b)
Start importing Assets/JumpGame/Cyberpunk Assets/warped city files/ENVIRONMENT/background/near-buildings-bg.png using Guid(4d3e16ab6eefa5c49a46041064e0654b) Importer(815301076,1909f56bfc062723c751e8b465ee728b)  -> (artifact id: '640902f42d1b4e41d29f732adc6b803a') in 0.049871 seconds 
  Import took 0.053805 seconds .

========================================================================
Received Import Request.
  Time since last request: 23.431769 seconds.
  path: Assets/JumpGame/Cyberpunk Assets/warped city files/ENVIRONMENT/background/near-buildings-bg.png
  artifactKey: Guid(4d3e16ab6eefa5c49a46041064e0654b) Importer(815301076,1909f56bfc062723c751e8b465ee728b)
Start importing Assets/JumpGame/Cyberpunk Assets/warped city files/ENVIRONMENT/background/near-buildings-bg.png using Guid(4d3e16ab6eefa5c49a46041064e0654b) Importer(815301076,1909f56bfc062723c751e8b465ee728b)  -> (artifact id: '1f080ff0dbb1f3e4e08ae32ef38caafe') in 0.016715 seconds 
  Import took 0.019746 seconds .

========================================================================
Received Import Request.
  Time since last request: 22.076238 seconds.
  path: Assets/JumpGame/Cyberpunk Assets/warped city files/ENVIRONMENT/background/near-buildings-bg.png
  artifactKey: Guid(4d3e16ab6eefa5c49a46041064e0654b) Importer(815301076,1909f56bfc062723c751e8b465ee728b)
Start importing Assets/JumpGame/Cyberpunk Assets/warped city files/ENVIRONMENT/background/near-buildings-bg.png using Guid(4d3e16ab6eefa5c49a46041064e0654b) Importer(815301076,1909f56bfc062723c751e8b465ee728b)  -> (artifact id: 'ce0670dcff9b29cabfeb4b28ff616957') in 0.014531 seconds 
  Import took 0.018784 seconds .

========================================================================
Received Import Request.
  Time since last request: 31.810791 seconds.
  path: Assets/JumpGame/Cyberpunk Assets/warped city files/ENVIRONMENT/background/near-buildings-bg.png
  artifactKey: Guid(4d3e16ab6eefa5c49a46041064e0654b) Importer(815301076,1909f56bfc062723c751e8b465ee728b)
Start importing Assets/JumpGame/Cyberpunk Assets/warped city files/ENVIRONMENT/background/near-buildings-bg.png using Guid(4d3e16ab6eefa5c49a46041064e0654b) Importer(815301076,1909f56bfc062723c751e8b465ee728b)  -> (artifact id: 'aef226a0c409e55e66f4700658999714') in 0.013343 seconds 
  Import took 0.016521 seconds .

========================================================================
Received Prepare
Registering precompiled user dll's ...
Registered in 0.003184 seconds.
Begin MonoManager ReloadAssembly
Native extension for WindowsStandalone target not found
Native extension for WebGL target not found
Refreshing native plugins compatible for Editor in 0.49 ms, found 3 plugins.
Preloading 0 native plugins for Editor in 0.00 ms.
Mono: successfully reloaded assembly
- Completed reload, in  0.854 seconds
Domain Reload Profiling:
	ReloadAssembly (854ms)
		BeginReloadAssembly (99ms)
			ExecutionOrderSort (0ms)
			DisableScriptedObjects (5ms)
			BackupInstance (0ms)
			ReleaseScriptingObjects (0ms)
			CreateAndSetChildDomain (33ms)
		EndReloadAssembly (707ms)
			LoadAssemblies (79ms)
			RebuildTransferFunctionScriptingTraits (0ms)
			SetupTypeCache (250ms)
			ReleaseScriptCaches (1ms)
			RebuildScriptCaches (37ms)
			SetupLoadedEditorAssemblies (258ms)
				LogAssemblyErrors (0ms)
				InitializePlatformSupportModulesInManaged (4ms)
				SetLoadedEditorAssemblies (0ms)
				RefreshPlugins (1ms)
				BeforeProcessingInitializeOnLoad (69ms)
				ProcessInitializeOnLoadAttributes (171ms)
				ProcessInitializeOnLoadMethodAttributes (9ms)
				AfterProcessingInitializeOnLoad (4ms)
				EditorAssembliesLoaded (0ms)
			ExecutionOrderSort2 (0ms)
			AwakeInstancesAfterBackupRestoration (8ms)
Platform modules already initialized, skipping
Refreshing native plugins compatible for Editor in 0.49 ms, found 3 plugins.
Preloading 0 native plugins for Editor in 0.00 ms.
Unloading 2194 Unused Serialized files (Serialized files now loaded: 0)
System memory in use before: 99.1 MB.
System memory in use after: 99.0 MB.

Unloading 23 unused Assets to reduce memory usage. Loaded Objects now: 2652.
Total: 2.648100 ms (FindLiveObjects: 0.151100 ms CreateObjectMapping: 0.067300 ms MarkObjects: 2.330400 ms  DeleteObjects: 0.098600 ms)

AssetImportParameters requested are different than current active one (requested -> active):
  custom:framework-win-MediaFoundation: 216162199b28c13a410421893ffa2e32 -> 
  custom:video-decoder-ogg-theora: a1e56fd34408186e4bbccfd4996cb3dc -> 
  custom:container-muxer-webm: aa71ff27fc2769a1b78a27578f13a17b -> 
  custom:container-demuxer-webm: 4f35f7cbe854078d1ac9338744f61a02 -> 
  custom:container-demuxer-ogg: 62fdf1f143b41e24485cea50d1cbac27 -> 
  custom:video-encoder-webm-vp8: eb34c28f22e8b96e1ab97ce403110664 -> 
  custom:video-decoder-webm-vp8: 9c59270c3fd7afecdb556c50c9e8de78 -> 
  custom:audio-decoder-ogg-vorbis: bf7c407c2cedff20999df2af8eb42d56 -> 
  custom:audio-encoder-webm-vorbis: bf7c407c2cedff20999df2af8eb42d56 -> 
========================================================================
Received Import Request.
  Time since last request: 88.668119 seconds.
  path: Assets/JumpGame/Cyberpunk Assets/warped city files/ENVIRONMENT/background/near-buildings-bg.png
  artifactKey: Guid(4d3e16ab6eefa5c49a46041064e0654b) Importer(815301076,1909f56bfc062723c751e8b465ee728b)
Start importing Assets/JumpGame/Cyberpunk Assets/warped city files/ENVIRONMENT/background/near-buildings-bg.png using Guid(4d3e16ab6eefa5c49a46041064e0654b) Importer(815301076,1909f56bfc062723c751e8b465ee728b)  -> (artifact id: '41a5d59402b0b88ad3532313ff5c3cbe') in 0.043690 seconds 
  Import took 0.046743 seconds .

========================================================================
Received Import Request.
  Time since last request: 4.469521 seconds.
  path: Assets/JumpGame/Cyberpunk Assets/warped city files/ENVIRONMENT/background/near-buildings-bg.png
  artifactKey: Guid(4d3e16ab6eefa5c49a46041064e0654b) Importer(815301076,1909f56bfc062723c751e8b465ee728b)
Start importing Assets/JumpGame/Cyberpunk Assets/warped city files/ENVIRONMENT/background/near-buildings-bg.png using Guid(4d3e16ab6eefa5c49a46041064e0654b) Importer(815301076,1909f56bfc062723c751e8b465ee728b)  -> (artifact id: 'cc96116c65de503cf89a25ec6ecdbe8f') in 0.013096 seconds 
  Import took 0.016194 seconds .

========================================================================
Received Prepare
Registering precompiled user dll's ...
Registered in 0.003408 seconds.
Begin MonoManager ReloadAssembly
Native extension for WindowsStandalone target not found
Native extension for WebGL target not found
Refreshing native plugins compatible for Editor in 0.50 ms, found 3 plugins.
Preloading 0 native plugins for Editor in 0.00 ms.
Mono: successfully reloaded assembly
- Completed reload, in  0.884 seconds
Domain Reload Profiling:
	ReloadAssembly (884ms)
		BeginReloadAssembly (105ms)
			ExecutionOrderSort (0ms)
			DisableScriptedObjects (5ms)
			BackupInstance (0ms)
			ReleaseScriptingObjects (0ms)
			CreateAndSetChildDomain (33ms)
		EndReloadAssembly (724ms)
			LoadAssemblies (86ms)
			RebuildTransferFunctionScriptingTraits (0ms)
			SetupTypeCache (259ms)
			ReleaseScriptCaches (1ms)
			RebuildScriptCaches (37ms)
			SetupLoadedEditorAssemblies (261ms)
				LogAssemblyErrors (0ms)
				InitializePlatformSupportModulesInManaged (5ms)
				SetLoadedEditorAssemblies (0ms)
				RefreshPlugins (1ms)
				BeforeProcessingInitializeOnLoad (75ms)
				ProcessInitializeOnLoadAttributes (168ms)
				ProcessInitializeOnLoadMethodAttributes (9ms)
				AfterProcessingInitializeOnLoad (4ms)
				EditorAssembliesLoaded (0ms)
			ExecutionOrderSort2 (0ms)
			AwakeInstancesAfterBackupRestoration (8ms)
Platform modules already initialized, skipping
Refreshing native plugins compatible for Editor in 0.49 ms, found 3 plugins.
Preloading 0 native plugins for Editor in 0.00 ms.
Unloading 2194 Unused Serialized files (Serialized files now loaded: 0)
System memory in use before: 99.1 MB.
System memory in use after: 99.0 MB.

Unloading 23 unused Assets to reduce memory usage. Loaded Objects now: 2655.
Total: 3.566200 ms (FindLiveObjects: 0.309700 ms CreateObjectMapping: 0.090100 ms MarkObjects: 3.049500 ms  DeleteObjects: 0.115400 ms)

AssetImportParameters requested are different than current active one (requested -> active):
  custom:framework-win-MediaFoundation: 216162199b28c13a410421893ffa2e32 -> 
  custom:video-decoder-ogg-theora: a1e56fd34408186e4bbccfd4996cb3dc -> 
  custom:container-muxer-webm: aa71ff27fc2769a1b78a27578f13a17b -> 
  custom:container-demuxer-webm: 4f35f7cbe854078d1ac9338744f61a02 -> 
  custom:container-demuxer-ogg: 62fdf1f143b41e24485cea50d1cbac27 -> 
  custom:video-encoder-webm-vp8: eb34c28f22e8b96e1ab97ce403110664 -> 
  custom:video-decoder-webm-vp8: 9c59270c3fd7afecdb556c50c9e8de78 -> 
  custom:audio-decoder-ogg-vorbis: bf7c407c2cedff20999df2af8eb42d56 -> 
  custom:audio-encoder-webm-vorbis: bf7c407c2cedff20999df2af8eb42d56 -> 
========================================================================
Received Prepare
Registering precompiled user dll's ...
Registered in 0.003370 seconds.
Begin MonoManager ReloadAssembly
Native extension for WindowsStandalone target not found
Native extension for WebGL target not found
Refreshing native plugins compatible for Editor in 0.94 ms, found 3 plugins.
Preloading 0 native plugins for Editor in 0.00 ms.
Mono: successfully reloaded assembly
- Completed reload, in  0.980 seconds
Domain Reload Profiling:
	ReloadAssembly (980ms)
		BeginReloadAssembly (126ms)
			ExecutionOrderSort (0ms)
			DisableScriptedObjects (6ms)
			BackupInstance (0ms)
			ReleaseScriptingObjects (0ms)
			CreateAndSetChildDomain (40ms)
		EndReloadAssembly (795ms)
			LoadAssemblies (104ms)
			RebuildTransferFunctionScriptingTraits (0ms)
			SetupTypeCache (283ms)
			ReleaseScriptCaches (1ms)
			RebuildScriptCaches (40ms)
			SetupLoadedEditorAssemblies (286ms)
				LogAssemblyErrors (0ms)
				InitializePlatformSupportModulesInManaged (5ms)
				SetLoadedEditorAssemblies (1ms)
				RefreshPlugins (1ms)
				BeforeProcessingInitializeOnLoad (79ms)
				ProcessInitializeOnLoadAttributes (186ms)
				ProcessInitializeOnLoadMethodAttributes (11ms)
				AfterProcessingInitializeOnLoad (4ms)
				EditorAssembliesLoaded (0ms)
			ExecutionOrderSort2 (0ms)
			AwakeInstancesAfterBackupRestoration (9ms)
Platform modules already initialized, skipping
Refreshing native plugins compatible for Editor in 0.83 ms, found 3 plugins.
Preloading 0 native plugins for Editor in 0.00 ms.
Unloading 2194 Unused Serialized files (Serialized files now loaded: 0)
System memory in use before: 99.1 MB.
System memory in use after: 99.0 MB.

Unloading 23 unused Assets to reduce memory usage. Loaded Objects now: 2657.
Total: 3.115300 ms (FindLiveObjects: 0.249500 ms CreateObjectMapping: 0.086900 ms MarkObjects: 2.674700 ms  DeleteObjects: 0.103200 ms)

AssetImportParameters requested are different than current active one (requested -> active):
  custom:framework-win-MediaFoundation: 216162199b28c13a410421893ffa2e32 -> 
  custom:video-decoder-ogg-theora: a1e56fd34408186e4bbccfd4996cb3dc -> 
  custom:container-muxer-webm: aa71ff27fc2769a1b78a27578f13a17b -> 
  custom:container-demuxer-webm: 4f35f7cbe854078d1ac9338744f61a02 -> 
  custom:container-demuxer-ogg: 62fdf1f143b41e24485cea50d1cbac27 -> 
  custom:video-encoder-webm-vp8: eb34c28f22e8b96e1ab97ce403110664 -> 
  custom:video-decoder-webm-vp8: 9c59270c3fd7afecdb556c50c9e8de78 -> 
  custom:audio-decoder-ogg-vorbis: bf7c407c2cedff20999df2af8eb42d56 -> 
  custom:audio-encoder-webm-vorbis: bf7c407c2cedff20999df2af8eb42d56 -> 
========================================================================
Received Import Request.
  Time since last request: 199.187762 seconds.
  path: Assets/JumpGame/Cyberpunk Assets/cyberpunk city 2 files/Environmet
  artifactKey: Guid(d3977bf2234d7234d8d9fa2c6b764d02) Importer(815301076,1909f56bfc062723c751e8b465ee728b)
Start importing Assets/JumpGame/Cyberpunk Assets/cyberpunk city 2 files/Environmet using Guid(d3977bf2234d7234d8d9fa2c6b764d02) Importer(815301076,1909f56bfc062723c751e8b465ee728b)  -> (artifact id: 'e99690050c76cd2e3e2a5dece479a79f') in 0.010338 seconds 
  Import took 0.013841 seconds .

========================================================================
Received Prepare
Registering precompiled user dll's ...
Registered in 0.003213 seconds.
Begin MonoManager ReloadAssembly
Native extension for WindowsStandalone target not found
Native extension for WebGL target not found
Refreshing native plugins compatible for Editor in 0.48 ms, found 3 plugins.
Preloading 0 native plugins for Editor in 0.00 ms.
Mono: successfully reloaded assembly
- Completed reload, in  0.829 seconds
Domain Reload Profiling:
	ReloadAssembly (829ms)
		BeginReloadAssembly (93ms)
			ExecutionOrderSort (0ms)
			DisableScriptedObjects (5ms)
			BackupInstance (0ms)
			ReleaseScriptingObjects (0ms)
			CreateAndSetChildDomain (28ms)
		EndReloadAssembly (686ms)
			LoadAssemblies (77ms)
			RebuildTransferFunctionScriptingTraits (0ms)
			SetupTypeCache (245ms)
			ReleaseScriptCaches (1ms)
			RebuildScriptCaches (37ms)
			SetupLoadedEditorAssemblies (247ms)
				LogAssemblyErrors (0ms)
				InitializePlatformSupportModulesInManaged (4ms)
				SetLoadedEditorAssemblies (0ms)
				RefreshPlugins (1ms)
				BeforeProcessingInitializeOnLoad (68ms)
				ProcessInitializeOnLoadAttributes (161ms)
				ProcessInitializeOnLoadMethodAttributes (9ms)
				AfterProcessingInitializeOnLoad (4ms)
				EditorAssembliesLoaded (0ms)
			ExecutionOrderSort2 (0ms)
			AwakeInstancesAfterBackupRestoration (7ms)
Platform modules already initialized, skipping
Refreshing native plugins compatible for Editor in 0.49 ms, found 3 plugins.
Preloading 0 native plugins for Editor in 0.00 ms.
Unloading 2194 Unused Serialized files (Serialized files now loaded: 0)
System memory in use before: 99.1 MB.
System memory in use after: 99.0 MB.

Unloading 23 unused Assets to reduce memory usage. Loaded Objects now: 2659.
Total: 2.645200 ms (FindLiveObjects: 0.157600 ms CreateObjectMapping: 0.059100 ms MarkObjects: 2.336500 ms  DeleteObjects: 0.091400 ms)

AssetImportParameters requested are different than current active one (requested -> active):
  custom:framework-win-MediaFoundation: 216162199b28c13a410421893ffa2e32 -> 
  custom:video-decoder-ogg-theora: a1e56fd34408186e4bbccfd4996cb3dc -> 
  custom:container-muxer-webm: aa71ff27fc2769a1b78a27578f13a17b -> 
  custom:container-demuxer-webm: 4f35f7cbe854078d1ac9338744f61a02 -> 
  custom:container-demuxer-ogg: 62fdf1f143b41e24485cea50d1cbac27 -> 
  custom:video-encoder-webm-vp8: eb34c28f22e8b96e1ab97ce403110664 -> 
  custom:video-decoder-webm-vp8: 9c59270c3fd7afecdb556c50c9e8de78 -> 
  custom:audio-decoder-ogg-vorbis: bf7c407c2cedff20999df2af8eb42d56 -> 
  custom:audio-encoder-webm-vorbis: bf7c407c2cedff20999df2af8eb42d56 -> 
========================================================================
Received Import Request.
  Time since last request: 20.314242 seconds.
  path: Assets/JumpGame/Cyberpunk Assets/warped city files/SPRITES/player/run/run-6.png
  artifactKey: Guid(7534aed390eab1d4aa5ec58b276d4fee) Importer(815301076,1909f56bfc062723c751e8b465ee728b)
Start importing Assets/JumpGame/Cyberpunk Assets/warped city files/SPRITES/player/run/run-6.png using Guid(7534aed390eab1d4aa5ec58b276d4fee) Importer(815301076,1909f56bfc062723c751e8b465ee728b)  -> (artifact id: '208e4ebc40d1ae08a3f0334226f0a5d1') in 0.043325 seconds 
  Import took 0.046258 seconds .

========================================================================
Received Import Request.
  Time since last request: 17.022863 seconds.
  path: Assets/JumpGame/Cyberpunk Assets/warped city files/SPRITES/player/idle/idle-1.png
  artifactKey: Guid(b67624f6c6fe06e4e896f2bf7fbc4008) Importer(815301076,1909f56bfc062723c751e8b465ee728b)
Start importing Assets/JumpGame/Cyberpunk Assets/warped city files/SPRITES/player/idle/idle-1.png using Guid(b67624f6c6fe06e4e896f2bf7fbc4008) Importer(815301076,1909f56bfc062723c751e8b465ee728b)  -> (artifact id: 'c5f21854b4cc18ccbf0d9f3f1328c191') in 0.013186 seconds 
  Import took 0.016533 seconds .

========================================================================
Received Import Request.
  Time since last request: 2.460482 seconds.
  path: Assets/JumpGame/Cyberpunk Assets/warped city files/SPRITES/player/run/run-1.png
  artifactKey: Guid(697eca856a723404ba416a08f6d7c751) Importer(815301076,1909f56bfc062723c751e8b465ee728b)
Start importing Assets/JumpGame/Cyberpunk Assets/warped city files/SPRITES/player/run/run-1.png using Guid(697eca856a723404ba416a08f6d7c751) Importer(815301076,1909f56bfc062723c751e8b465ee728b)  -> (artifact id: '3f0ad8420369339d79fbdbfe30809d8b') in 0.014021 seconds 
  Import took 0.018179 seconds .

========================================================================
Received Import Request.
  Time since last request: 1.729436 seconds.
  path: Assets/JumpGame/Cyberpunk Assets/warped city files/SPRITES/player/run
  artifactKey: Guid(ba6d16e87f2461541b331a1e6a8e3a59) Importer(815301076,1909f56bfc062723c751e8b465ee728b)
Start importing Assets/JumpGame/Cyberpunk Assets/warped city files/SPRITES/player/run using Guid(ba6d16e87f2461541b331a1e6a8e3a59) Importer(815301076,1909f56bfc062723c751e8b465ee728b)  -> (artifact id: 'd431899c0a514713bc2c3056c7b3e84e') in 0.006959 seconds 
  Import took 0.011173 seconds .

========================================================================
Received Import Request.
  Time since last request: 5.726561 seconds.
  path: Assets/JumpGame/Cyberpunk Assets/warped city files/SPRITES/player/crouch/crouch.png
  artifactKey: Guid(af6ee4e9359ca22469810d6f6200785c) Importer(815301076,1909f56bfc062723c751e8b465ee728b)
Start importing Assets/JumpGame/Cyberpunk Assets/warped city files/SPRITES/player/crouch/crouch.png using Guid(af6ee4e9359ca22469810d6f6200785c) Importer(815301076,1909f56bfc062723c751e8b465ee728b)  -> (artifact id: '4998abba58170fb95e26184443c13def') in 0.016298 seconds 
  Import took 0.019488 seconds .

========================================================================
Received Import Request.
  Time since last request: 22.696477 seconds.
  path: Assets/JumpGame/Cyberpunk Assets/warped city files/SPRITES/player/back-jump/back-jump-2.png
  artifactKey: Guid(f2854e85ff666974ab7778ffa90a34c6) Importer(815301076,1909f56bfc062723c751e8b465ee728b)
Start importing Assets/JumpGame/Cyberpunk Assets/warped city files/SPRITES/player/back-jump/back-jump-2.png using Guid(f2854e85ff666974ab7778ffa90a34c6) Importer(815301076,1909f56bfc062723c751e8b465ee728b)  -> (artifact id: '450837818ff889920319735a96844eb9') in 0.012853 seconds 
  Import took 0.016694 seconds .

========================================================================
Received Import Request.
  Time since last request: 6.915746 seconds.
  path: Assets/JumpGame/Cyberpunk Assets/warped city files/SPRITES/player/back-jump
  artifactKey: Guid(dc372c50538e92e4495096dc7141ca86) Importer(815301076,1909f56bfc062723c751e8b465ee728b)
Start importing Assets/JumpGame/Cyberpunk Assets/warped city files/SPRITES/player/back-jump using Guid(dc372c50538e92e4495096dc7141ca86) Importer(815301076,1909f56bfc062723c751e8b465ee728b)  -> (artifact id: '38bafe84432cd27150d4f59a9d525534') in 0.007443 seconds 
  Import took 0.011088 seconds .

========================================================================
Received Import Request.
  Time since last request: 8.399609 seconds.
  path: Assets/JumpGame/Cyberpunk Assets/warped city files/ENVIRONMENT/background/near-buildings-bg.png
  artifactKey: Guid(4d3e16ab6eefa5c49a46041064e0654b) Importer(815301076,1909f56bfc062723c751e8b465ee728b)
Start importing Assets/JumpGame/Cyberpunk Assets/warped city files/ENVIRONMENT/background/near-buildings-bg.png using Guid(4d3e16ab6eefa5c49a46041064e0654b) Importer(815301076,1909f56bfc062723c751e8b465ee728b)  -> (artifact id: 'ab0fa0f8f70896838b4d5b90cd611aeb') in 0.014859 seconds 
  Import took 0.018086 seconds .

========================================================================
Received Prepare
Registering precompiled user dll's ...
Registered in 0.003369 seconds.
Begin MonoManager ReloadAssembly
Native extension for WindowsStandalone target not found
Native extension for WebGL target not found
Refreshing native plugins compatible for Editor in 0.50 ms, found 3 plugins.
Preloading 0 native plugins for Editor in 0.00 ms.
Mono: successfully reloaded assembly
- Completed reload, in  0.843 seconds
Domain Reload Profiling:
	ReloadAssembly (843ms)
		BeginReloadAssembly (96ms)
			ExecutionOrderSort (0ms)
			DisableScriptedObjects (5ms)
			BackupInstance (0ms)
			ReleaseScriptingObjects (0ms)
			CreateAndSetChildDomain (31ms)
		EndReloadAssembly (698ms)
			LoadAssemblies (79ms)
			RebuildTransferFunctionScriptingTraits (0ms)
			SetupTypeCache (242ms)
			ReleaseScriptCaches (1ms)
			RebuildScriptCaches (37ms)
			SetupLoadedEditorAssemblies (251ms)
				LogAssemblyErrors (0ms)
				InitializePlatformSupportModulesInManaged (4ms)
				SetLoadedEditorAssemblies (0ms)
				RefreshPlugins (1ms)
				BeforeProcessingInitializeOnLoad (67ms)
				ProcessInitializeOnLoadAttributes (166ms)
				ProcessInitializeOnLoadMethodAttributes (9ms)
				AfterProcessingInitializeOnLoad (3ms)
				EditorAssembliesLoaded (0ms)
			ExecutionOrderSort2 (0ms)
			AwakeInstancesAfterBackupRestoration (9ms)
Platform modules already initialized, skipping
Refreshing native plugins compatible for Editor in 0.49 ms, found 3 plugins.
Preloading 0 native plugins for Editor in 0.00 ms.
Unloading 2194 Unused Serialized files (Serialized files now loaded: 0)
System memory in use before: 99.1 MB.
System memory in use after: 99.0 MB.

Unloading 23 unused Assets to reduce memory usage. Loaded Objects now: 2664.
Total: 2.893900 ms (FindLiveObjects: 0.167000 ms CreateObjectMapping: 0.072800 ms MarkObjects: 2.556200 ms  DeleteObjects: 0.097300 ms)

AssetImportParameters requested are different than current active one (requested -> active):
  custom:framework-win-MediaFoundation: 216162199b28c13a410421893ffa2e32 -> 
  custom:video-decoder-ogg-theora: a1e56fd34408186e4bbccfd4996cb3dc -> 
  custom:container-muxer-webm: aa71ff27fc2769a1b78a27578f13a17b -> 
  custom:container-demuxer-webm: 4f35f7cbe854078d1ac9338744f61a02 -> 
  custom:container-demuxer-ogg: 62fdf1f143b41e24485cea50d1cbac27 -> 
  custom:video-encoder-webm-vp8: eb34c28f22e8b96e1ab97ce403110664 -> 
  custom:video-decoder-webm-vp8: 9c59270c3fd7afecdb556c50c9e8de78 -> 
  custom:audio-decoder-ogg-vorbis: bf7c407c2cedff20999df2af8eb42d56 -> 
  custom:audio-encoder-webm-vorbis: bf7c407c2cedff20999df2af8eb42d56 -> 
========================================================================
Received Prepare
Registering precompiled user dll's ...
Registered in 0.003168 seconds.
Begin MonoManager ReloadAssembly
Native extension for WindowsStandalone target not found
Native extension for WebGL target not found
Refreshing native plugins compatible for Editor in 0.58 ms, found 3 plugins.
Preloading 0 native plugins for Editor in 0.00 ms.
Mono: successfully reloaded assembly
- Completed reload, in  0.828 seconds
Domain Reload Profiling:
	ReloadAssembly (828ms)
		BeginReloadAssembly (91ms)
			ExecutionOrderSort (0ms)
			DisableScriptedObjects (6ms)
			BackupInstance (0ms)
			ReleaseScriptingObjects (0ms)
			CreateAndSetChildDomain (27ms)
		EndReloadAssembly (690ms)
			LoadAssemblies (74ms)
			RebuildTransferFunctionScriptingTraits (0ms)
			SetupTypeCache (250ms)
			ReleaseScriptCaches (1ms)
			RebuildScriptCaches (36ms)
			SetupLoadedEditorAssemblies (247ms)
				LogAssemblyErrors (0ms)
				InitializePlatformSupportModulesInManaged (4ms)
				SetLoadedEditorAssemblies (0ms)
				RefreshPlugins (1ms)
				BeforeProcessingInitializeOnLoad (67ms)
				ProcessInitializeOnLoadAttributes (162ms)
				ProcessInitializeOnLoadMethodAttributes (9ms)
				AfterProcessingInitializeOnLoad (3ms)
				EditorAssembliesLoaded (0ms)
			ExecutionOrderSort2 (0ms)
			AwakeInstancesAfterBackupRestoration (7ms)
Platform modules already initialized, skipping
Refreshing native plugins compatible for Editor in 0.48 ms, found 3 plugins.
Preloading 0 native plugins for Editor in 0.00 ms.
Unloading 2194 Unused Serialized files (Serialized files now loaded: 0)
System memory in use before: 99.1 MB.
System memory in use after: 99.1 MB.

Unloading 23 unused Assets to reduce memory usage. Loaded Objects now: 2666.
Total: 2.894700 ms (FindLiveObjects: 0.215400 ms CreateObjectMapping: 0.090600 ms MarkObjects: 2.487200 ms  DeleteObjects: 0.100700 ms)

AssetImportParameters requested are different than current active one (requested -> active):
  custom:framework-win-MediaFoundation: 216162199b28c13a410421893ffa2e32 -> 
  custom:video-decoder-ogg-theora: a1e56fd34408186e4bbccfd4996cb3dc -> 
  custom:container-muxer-webm: aa71ff27fc2769a1b78a27578f13a17b -> 
  custom:container-demuxer-webm: 4f35f7cbe854078d1ac9338744f61a02 -> 
  custom:container-demuxer-ogg: 62fdf1f143b41e24485cea50d1cbac27 -> 
  custom:video-encoder-webm-vp8: eb34c28f22e8b96e1ab97ce403110664 -> 
  custom:video-decoder-webm-vp8: 9c59270c3fd7afecdb556c50c9e8de78 -> 
  custom:audio-decoder-ogg-vorbis: bf7c407c2cedff20999df2af8eb42d56 -> 
  custom:audio-encoder-webm-vorbis: bf7c407c2cedff20999df2af8eb42d56 -> 
========================================================================
Received Prepare
Registering precompiled user dll's ...
Registered in 0.003072 seconds.
Begin MonoManager ReloadAssembly
Native extension for WindowsStandalone target not found
Native extension for WebGL target not found
Refreshing native plugins compatible for Editor in 0.52 ms, found 3 plugins.
Preloading 0 native plugins for Editor in 0.00 ms.
Mono: successfully reloaded assembly
- Completed reload, in  0.822 seconds
Domain Reload Profiling:
	ReloadAssembly (822ms)
		BeginReloadAssembly (96ms)
			ExecutionOrderSort (0ms)
			DisableScriptedObjects (5ms)
			BackupInstance (0ms)
			ReleaseScriptingObjects (0ms)
			CreateAndSetChildDomain (28ms)
		EndReloadAssembly (678ms)
			LoadAssemblies (81ms)
			RebuildTransferFunctionScriptingTraits (0ms)
			SetupTypeCache (245ms)
			ReleaseScriptCaches (1ms)
			RebuildScriptCaches (35ms)
			SetupLoadedEditorAssemblies (242ms)
				LogAssemblyErrors (0ms)
				InitializePlatformSupportModulesInManaged (4ms)
				SetLoadedEditorAssemblies (0ms)
				RefreshPlugins (1ms)
				BeforeProcessingInitializeOnLoad (66ms)
				ProcessInitializeOnLoadAttributes (158ms)
				ProcessInitializeOnLoadMethodAttributes (8ms)
				AfterProcessingInitializeOnLoad (4ms)
				EditorAssembliesLoaded (0ms)
			ExecutionOrderSort2 (0ms)
			AwakeInstancesAfterBackupRestoration (7ms)
Platform modules already initialized, skipping
Refreshing native plugins compatible for Editor in 0.48 ms, found 3 plugins.
Preloading 0 native plugins for Editor in 0.00 ms.
Unloading 2194 Unused Serialized files (Serialized files now loaded: 0)
System memory in use before: 99.1 MB.
System memory in use after: 99.1 MB.

Unloading 23 unused Assets to reduce memory usage. Loaded Objects now: 2668.
Total: 2.566900 ms (FindLiveObjects: 0.138000 ms CreateObjectMapping: 0.064100 ms MarkObjects: 2.271700 ms  DeleteObjects: 0.092300 ms)

AssetImportParameters requested are different than current active one (requested -> active):
  custom:framework-win-MediaFoundation: 216162199b28c13a410421893ffa2e32 -> 
  custom:video-decoder-ogg-theora: a1e56fd34408186e4bbccfd4996cb3dc -> 
  custom:container-muxer-webm: aa71ff27fc2769a1b78a27578f13a17b -> 
  custom:container-demuxer-webm: 4f35f7cbe854078d1ac9338744f61a02 -> 
  custom:container-demuxer-ogg: 62fdf1f143b41e24485cea50d1cbac27 -> 
  custom:video-encoder-webm-vp8: eb34c28f22e8b96e1ab97ce403110664 -> 
  custom:video-decoder-webm-vp8: 9c59270c3fd7afecdb556c50c9e8de78 -> 
  custom:audio-decoder-ogg-vorbis: bf7c407c2cedff20999df2af8eb42d56 -> 
  custom:audio-encoder-webm-vorbis: bf7c407c2cedff20999df2af8eb42d56 -> 
AssetImportWorkerClient::OnTransportError - code=2 error=End of file
